<?xml version="1.0" encoding="UTF-8"?>
<!-- Generated by org.testng.reporters.JUnitReportReporter -->
<testsuite skipped="0" hostname="LAPTOP-O8T00ULF" name="com.WebTables.CapturingWebTableData_Excel" tests="2" failures="0" timestamp="8 Mar 2020 03:06:08 GMT" time="31.694" errors="0">
  <testcase name="exportCityNamesToExcel" time="31.320" classname="com.WebTables.CapturingWebTableData_Excel"/>
  <testcase name="getTotalRowAndColumns" time="0.374" classname="com.WebTables.CapturingWebTableData_Excel"/>
</testsuite> <!-- com.WebTables.CapturingWebTableData_Excel -->
