<?xml version="1.0" encoding="UTF-8"?>
<!-- Generated by org.testng.reporters.JUnitReportReporter -->
<testsuite skipped="0" hostname="LAPTOP-O8T00ULF" name="com.EchoEchoApplication.RadioButtonsValidation" tests="1" failures="0" timestamp="10 Mar 2020 11:05:15 GMT" time="5.006" errors="0">
  <testcase name="Radiobuton_Testing" time="5.006" classname="com.EchoEchoApplication.RadioButtonsValidation"/>
</testsuite> <!-- com.EchoEchoApplication.RadioButtonsValidation -->
