<?xml version="1.0" encoding="UTF-8"?>
<!-- Generated by org.testng.reporters.JUnitReportReporter -->
<testsuite skipped="0" hostname="LAPTOP-O8T00ULF" name="com.AddEmployee.EmployeeDetailsValidation" tests="2" failures="0" timestamp="10 Mar 2020 07:31:50 GMT" time="22.926" errors="0">
  <testcase name="logIn" time="0.201" classname="com.AddEmployee.EmployeeDetailsValidation"/>
  <testcase name="readLoginCredentailsFromExcel" time="22.725" classname="com.AddEmployee.EmployeeDetailsValidation"/>
</testsuite> <!-- com.AddEmployee.EmployeeDetailsValidation -->
