<?xml version="1.0" encoding="UTF-8"?>
<!-- Generated by org.testng.reporters.JUnitReportReporter -->
<testsuite skipped="0" hostname="LAPTOP-O8T00ULF" name="com.WebTables.CaputringFirstColumnData_Excel" tests="2" failures="0" timestamp="7 Mar 2020 18:39:13 GMT" time="5.200" errors="0">
  <testcase name="getRowCount" time="0.125" classname="com.WebTables.CaputringFirstColumnData_Excel"/>
  <testcase name="exportCityNamesToExcel" time="5.075" classname="com.WebTables.CaputringFirstColumnData_Excel"/>
</testsuite> <!-- com.WebTables.CaputringFirstColumnData_Excel -->
