<?xml version="1.0" encoding="UTF-8"?>
<!-- Generated by org.testng.reporters.JUnitReportReporter -->
<testsuite skipped="0" hostname="LAPTOP-O8T00ULF" name="com.testNg.NewToursLinksScreenshots" tests="1" failures="0" timestamp="7 Mar 2020 17:52:31 GMT" time="43.609" errors="0">
  <testcase name="Screenshot" time="43.609" classname="com.testNg.NewToursLinksScreenshots"/>
</testsuite> <!-- com.testNg.NewToursLinksScreenshots -->
