<?xml version="1.0" encoding="UTF-8"?>
<!-- Generated by org.testng.reporters.JUnitReportReporter -->
<testsuite skipped="0" hostname="LAPTOP-O8T00ULF" name="com.RediffMail.Automate_FullName" tests="1" failures="0" timestamp="10 Mar 2020 09:19:49 GMT" time="0.909" errors="0">
  <testcase name="createAccount" time="0.909" classname="com.RediffMail.Automate_FullName"/>
</testsuite> <!-- com.RediffMail.Automate_FullName -->
